The target system is: Arduino -  - 
The host system is: Darwin - 18.2.0 - x86_64
Compiling the C compiler identification source file "CMakeCCompilerId.c" succeeded.
Compiler: /Applications/Arduino.app/Contents/Java/hardware/tools/avr/bin/avr-gcc 
Build flags: 
Id flags:  

The output was:
0


Compilation of the C compiler identification source "CMakeCCompilerId.c" produced "a.out"

The C compiler identification is GNU, found in "/Users/ms/Documents/GitHub/HTW/informatik2/5LED_Start_Projekt/cmake-build-debug/CMakeFiles/3.12.3/CompilerIdC/a.out"

Compiling the CXX compiler identification source file "CMakeCXXCompilerId.cpp" succeeded.
Compiler: /Applications/Arduino.app/Contents/Java/hardware/tools/avr/bin/avr-g++ 
Build flags: 
Id flags:  

The output was:
0


Compilation of the CXX compiler identification source "CMakeCXXCompilerId.cpp" produced "a.out"

The CXX compiler identification is GNU, found in "/Users/ms/Documents/GitHub/HTW/informatik2/5LED_Start_Projekt/cmake-build-debug/CMakeFiles/3.12.3/CompilerIdCXX/a.out"

Determining if the C compiler works passed with the following output:
Change Dir: /Users/ms/Documents/GitHub/HTW/informatik2/5LED_Start_Projekt/cmake-build-debug/CMakeFiles/CMakeTmp

Run Build Command:"/usr/bin/make" "cmTC_0fbbd/fast"
/Applications/Xcode.app/Contents/Developer/usr/bin/make -f CMakeFiles/cmTC_0fbbd.dir/build.make CMakeFiles/cmTC_0fbbd.dir/build
Building C object CMakeFiles/cmTC_0fbbd.dir/testCCompiler.c.obj
/Applications/Arduino.app/Contents/Java/hardware/tools/avr/bin/avr-gcc   -g -Os -w -ffunction-sections -fdata-sections -MMD    -o CMakeFiles/cmTC_0fbbd.dir/testCCompiler.c.obj   -c /Users/ms/Documents/GitHub/HTW/informatik2/5LED_Start_Projekt/cmake-build-debug/CMakeFiles/CMakeTmp/testCCompiler.c
Linking C executable cmTC_0fbbd
/Applications/CLion.app/Contents/bin/cmake/mac/bin/cmake -E cmake_link_script CMakeFiles/cmTC_0fbbd.dir/link.txt --verbose=1
/Applications/Arduino.app/Contents/Java/hardware/tools/avr/bin/avr-gcc -g -Os -w -ffunction-sections -fdata-sections -MMD   -w -Os -Wl,--gc-sections  CMakeFiles/cmTC_0fbbd.dir/testCCompiler.c.obj  -o cmTC_0fbbd 


Detecting C compiler ABI info compiled with the following output:
Change Dir: /Users/ms/Documents/GitHub/HTW/informatik2/5LED_Start_Projekt/cmake-build-debug/CMakeFiles/CMakeTmp

Run Build Command:"/usr/bin/make" "cmTC_23664/fast"
/Applications/Xcode.app/Contents/Developer/usr/bin/make -f CMakeFiles/cmTC_23664.dir/build.make CMakeFiles/cmTC_23664.dir/build
Building C object CMakeFiles/cmTC_23664.dir/CMakeCCompilerABI.c.obj
/Applications/Arduino.app/Contents/Java/hardware/tools/avr/bin/avr-gcc   -g -Os -w -ffunction-sections -fdata-sections -MMD    -o CMakeFiles/cmTC_23664.dir/CMakeCCompilerABI.c.obj   -c /Applications/CLion.app/Contents/bin/cmake/mac/share/cmake-3.12/Modules/CMakeCCompilerABI.c
Linking C executable cmTC_23664
/Applications/CLion.app/Contents/bin/cmake/mac/bin/cmake -E cmake_link_script CMakeFiles/cmTC_23664.dir/link.txt --verbose=1
/Applications/Arduino.app/Contents/Java/hardware/tools/avr/bin/avr-gcc -g -Os -w -ffunction-sections -fdata-sections -MMD   -w -Os -Wl,--gc-sections -v CMakeFiles/cmTC_23664.dir/CMakeCCompilerABI.c.obj  -o cmTC_23664 
Using built-in specs.
Reading specs from /Applications/Arduino.app/Contents/Java/hardware/tools/avr/bin/../lib/gcc/avr/5.4.0/device-specs/specs-avr2
COLLECT_GCC=/Applications/Arduino.app/Contents/Java/hardware/tools/avr/bin/avr-gcc
COLLECT_LTO_WRAPPER=/Applications/Arduino.app/Contents/Java/hardware/tools/avr/bin/../libexec/gcc/avr/5.4.0/lto-wrapper
Target: avr
Configured with: ../gcc/configure --enable-fixed-point --enable-languages=c,c++ --prefix=/Users/jenkins/jenkins/workspace/avr-gcc-staging/label/mac-mini/objdir --disable-nls --disable-libssp --disable-libada --disable-shared --with-avrlibc=yes --with-dwarf2 --disable-doc --target=avr
Thread model: single
gcc version 5.4.0 (GCC) 
COMPILER_PATH=/Applications/Arduino.app/Contents/Java/hardware/tools/avr/bin/../libexec/gcc/avr/5.4.0/:/Applications/Arduino.app/Contents/Java/hardware/tools/avr/bin/../libexec/gcc/:/Applications/Arduino.app/Contents/Java/hardware/tools/avr/bin/../lib/gcc/avr/5.4.0/../../../../avr/bin/
LIBRARY_PATH=/Applications/Arduino.app/Contents/Java/hardware/tools/avr/bin/../lib/gcc/avr/5.4.0/:/Applications/Arduino.app/Contents/Java/hardware/tools/avr/bin/../lib/gcc/:/Applications/Arduino.app/Contents/Java/hardware/tools/avr/bin/../lib/gcc/avr/5.4.0/../../../../avr/lib/
COLLECT_GCC_OPTIONS='-g' '-Os' '-w' '-ffunction-sections' '-fdata-sections' '-MMD' '-w' '-Os' '-v' '-o' 'cmTC_23664' '-specs=device-specs/specs-avr2'
 /Applications/Arduino.app/Contents/Java/hardware/tools/avr/bin/../libexec/gcc/avr/5.4.0/collect2 -plugin /Applications/Arduino.app/Contents/Java/hardware/tools/avr/bin/../libexec/gcc/avr/5.4.0/liblto_plugin.so -plugin-opt=/Applications/Arduino.app/Contents/Java/hardware/tools/avr/bin/../libexec/gcc/avr/5.4.0/lto-wrapper -plugin-opt=-fresolution=/var/folders/73/763qf_p57lj_3gyytwms4nxm0000gn/T//cche1fRz.res -plugin-opt=-pass-through=-lgcc -plugin-opt=-pass-through=-lm -plugin-opt=-pass-through=-lc --pmem-wrap-around=8k -o cmTC_23664 -L/Applications/Arduino.app/Contents/Java/hardware/tools/avr/bin/../lib/gcc/avr/5.4.0 -L/Applications/Arduino.app/Contents/Java/hardware/tools/avr/bin/../lib/gcc -L/Applications/Arduino.app/Contents/Java/hardware/tools/avr/bin/../lib/gcc/avr/5.4.0/../../../../avr/lib --gc-sections CMakeFiles/cmTC_23664.dir/CMakeCCompilerABI.c.obj --start-group -lgcc -lm -lc --end-group


Parsed C implicit link information from above output:
  link line regex: [^( *|.*[/\])(avr-ld|CMAKE_LINK_STARTFILE-NOTFOUND|([^/\]+-)?ld|collect2)[^/\]*( |$)]
  ignore line: [Change Dir: /Users/ms/Documents/GitHub/HTW/informatik2/5LED_Start_Projekt/cmake-build-debug/CMakeFiles/CMakeTmp]
  ignore line: []
  ignore line: [Run Build Command:"/usr/bin/make" "cmTC_23664/fast"]
  ignore line: [/Applications/Xcode.app/Contents/Developer/usr/bin/make -f CMakeFiles/cmTC_23664.dir/build.make CMakeFiles/cmTC_23664.dir/build]
  ignore line: [Building C object CMakeFiles/cmTC_23664.dir/CMakeCCompilerABI.c.obj]
  ignore line: [/Applications/Arduino.app/Contents/Java/hardware/tools/avr/bin/avr-gcc   -g -Os -w -ffunction-sections -fdata-sections -MMD    -o CMakeFiles/cmTC_23664.dir/CMakeCCompilerABI.c.obj   -c /Applications/CLion.app/Contents/bin/cmake/mac/share/cmake-3.12/Modules/CMakeCCompilerABI.c]
  ignore line: [Linking C executable cmTC_23664]
  ignore line: [/Applications/CLion.app/Contents/bin/cmake/mac/bin/cmake -E cmake_link_script CMakeFiles/cmTC_23664.dir/link.txt --verbose=1]
  ignore line: [/Applications/Arduino.app/Contents/Java/hardware/tools/avr/bin/avr-gcc -g -Os -w -ffunction-sections -fdata-sections -MMD   -w -Os -Wl,--gc-sections -v CMakeFiles/cmTC_23664.dir/CMakeCCompilerABI.c.obj  -o cmTC_23664 ]
  ignore line: [Using built-in specs.]
  ignore line: [Reading specs from /Applications/Arduino.app/Contents/Java/hardware/tools/avr/bin/../lib/gcc/avr/5.4.0/device-specs/specs-avr2]
  ignore line: [COLLECT_GCC=/Applications/Arduino.app/Contents/Java/hardware/tools/avr/bin/avr-gcc]
  ignore line: [COLLECT_LTO_WRAPPER=/Applications/Arduino.app/Contents/Java/hardware/tools/avr/bin/../libexec/gcc/avr/5.4.0/lto-wrapper]
  ignore line: [Target: avr]
  ignore line: [Configured with: ../gcc/configure --enable-fixed-point --enable-languages=c,c++ --prefix=/Users/jenkins/jenkins/workspace/avr-gcc-staging/label/mac-mini/objdir --disable-nls --disable-libssp --disable-libada --disable-shared --with-avrlibc=yes --with-dwarf2 --disable-doc --target=avr]
  ignore line: [Thread model: single]
  ignore line: [gcc version 5.4.0 (GCC) ]
  ignore line: [COMPILER_PATH=/Applications/Arduino.app/Contents/Java/hardware/tools/avr/bin/../libexec/gcc/avr/5.4.0/:/Applications/Arduino.app/Contents/Java/hardware/tools/avr/bin/../libexec/gcc/:/Applications/Arduino.app/Contents/Java/hardware/tools/avr/bin/../lib/gcc/avr/5.4.0/../../../../avr/bin/]
  ignore line: [LIBRARY_PATH=/Applications/Arduino.app/Contents/Java/hardware/tools/avr/bin/../lib/gcc/avr/5.4.0/:/Applications/Arduino.app/Contents/Java/hardware/tools/avr/bin/../lib/gcc/:/Applications/Arduino.app/Contents/Java/hardware/tools/avr/bin/../lib/gcc/avr/5.4.0/../../../../avr/lib/]
  ignore line: [COLLECT_GCC_OPTIONS='-g' '-Os' '-w' '-ffunction-sections' '-fdata-sections' '-MMD' '-w' '-Os' '-v' '-o' 'cmTC_23664' '-specs=device-specs/specs-avr2']
  link line: [ /Applications/Arduino.app/Contents/Java/hardware/tools/avr/bin/../libexec/gcc/avr/5.4.0/collect2 -plugin /Applications/Arduino.app/Contents/Java/hardware/tools/avr/bin/../libexec/gcc/avr/5.4.0/liblto_plugin.so -plugin-opt=/Applications/Arduino.app/Contents/Java/hardware/tools/avr/bin/../libexec/gcc/avr/5.4.0/lto-wrapper -plugin-opt=-fresolution=/var/folders/73/763qf_p57lj_3gyytwms4nxm0000gn/T//cche1fRz.res -plugin-opt=-pass-through=-lgcc -plugin-opt=-pass-through=-lm -plugin-opt=-pass-through=-lc --pmem-wrap-around=8k -o cmTC_23664 -L/Applications/Arduino.app/Contents/Java/hardware/tools/avr/bin/../lib/gcc/avr/5.4.0 -L/Applications/Arduino.app/Contents/Java/hardware/tools/avr/bin/../lib/gcc -L/Applications/Arduino.app/Contents/Java/hardware/tools/avr/bin/../lib/gcc/avr/5.4.0/../../../../avr/lib --gc-sections CMakeFiles/cmTC_23664.dir/CMakeCCompilerABI.c.obj --start-group -lgcc -lm -lc --end-group]
    arg [/Applications/Arduino.app/Contents/Java/hardware/tools/avr/bin/../libexec/gcc/avr/5.4.0/collect2] ==> ignore
    arg [-plugin] ==> ignore
    arg [/Applications/Arduino.app/Contents/Java/hardware/tools/avr/bin/../libexec/gcc/avr/5.4.0/liblto_plugin.so] ==> ignore
    arg [-plugin-opt=/Applications/Arduino.app/Contents/Java/hardware/tools/avr/bin/../libexec/gcc/avr/5.4.0/lto-wrapper] ==> ignore
    arg [-plugin-opt=-fresolution=/var/folders/73/763qf_p57lj_3gyytwms4nxm0000gn/T//cche1fRz.res] ==> ignore
    arg [-plugin-opt=-pass-through=-lgcc] ==> ignore
    arg [-plugin-opt=-pass-through=-lm] ==> ignore
    arg [-plugin-opt=-pass-through=-lc] ==> ignore
    arg [--pmem-wrap-around=8k] ==> ignore
    arg [-o] ==> ignore
    arg [cmTC_23664] ==> ignore
    arg [-L/Applications/Arduino.app/Contents/Java/hardware/tools/avr/bin/../lib/gcc/avr/5.4.0] ==> dir [/Applications/Arduino.app/Contents/Java/hardware/tools/avr/bin/../lib/gcc/avr/5.4.0]
    arg [-L/Applications/Arduino.app/Contents/Java/hardware/tools/avr/bin/../lib/gcc] ==> dir [/Applications/Arduino.app/Contents/Java/hardware/tools/avr/bin/../lib/gcc]
    arg [-L/Applications/Arduino.app/Contents/Java/hardware/tools/avr/bin/../lib/gcc/avr/5.4.0/../../../../avr/lib] ==> dir [/Applications/Arduino.app/Contents/Java/hardware/tools/avr/bin/../lib/gcc/avr/5.4.0/../../../../avr/lib]
    arg [--gc-sections] ==> ignore
    arg [CMakeFiles/cmTC_23664.dir/CMakeCCompilerABI.c.obj] ==> ignore
    arg [--start-group] ==> ignore
    arg [-lgcc] ==> lib [gcc]
    arg [-lm] ==> lib [m]
    arg [-lc] ==> lib [c]
    arg [--end-group] ==> ignore
  collapse library dir [/Applications/Arduino.app/Contents/Java/hardware/tools/avr/bin/../lib/gcc/avr/5.4.0] ==> [/Applications/Arduino.app/Contents/Java/hardware/tools/avr/lib/gcc/avr/5.4.0]
  collapse library dir [/Applications/Arduino.app/Contents/Java/hardware/tools/avr/bin/../lib/gcc] ==> [/Applications/Arduino.app/Contents/Java/hardware/tools/avr/lib/gcc]
  collapse library dir [/Applications/Arduino.app/Contents/Java/hardware/tools/avr/bin/../lib/gcc/avr/5.4.0/../../../../avr/lib] ==> [/Applications/Arduino.app/Contents/Java/hardware/tools/avr/avr/lib]
  implicit libs: [gcc;m;c]
  implicit dirs: [/Applications/Arduino.app/Contents/Java/hardware/tools/avr/lib/gcc/avr/5.4.0;/Applications/Arduino.app/Contents/Java/hardware/tools/avr/lib/gcc;/Applications/Arduino.app/Contents/Java/hardware/tools/avr/avr/lib]
  implicit fwks: []




Detecting C [-std=c11] compiler features compiled with the following output:
Change Dir: /Users/ms/Documents/GitHub/HTW/informatik2/5LED_Start_Projekt/cmake-build-debug/CMakeFiles/CMakeTmp

Run Build Command:"/usr/bin/make" "cmTC_2c496/fast"
/Applications/Xcode.app/Contents/Developer/usr/bin/make -f CMakeFiles/cmTC_2c496.dir/build.make CMakeFiles/cmTC_2c496.dir/build
Building C object CMakeFiles/cmTC_2c496.dir/feature_tests.c.obj
/Applications/Arduino.app/Contents/Java/hardware/tools/avr/bin/avr-gcc   -g -Os -w -ffunction-sections -fdata-sections -MMD    -std=c11 -o CMakeFiles/cmTC_2c496.dir/feature_tests.c.obj   -c /Users/ms/Documents/GitHub/HTW/informatik2/5LED_Start_Projekt/cmake-build-debug/CMakeFiles/feature_tests.c
Linking C executable cmTC_2c496
/Applications/CLion.app/Contents/bin/cmake/mac/bin/cmake -E cmake_link_script CMakeFiles/cmTC_2c496.dir/link.txt --verbose=1
/Applications/Arduino.app/Contents/Java/hardware/tools/avr/bin/avr-gcc -g -Os -w -ffunction-sections -fdata-sections -MMD   -w -Os -Wl,--gc-sections  CMakeFiles/cmTC_2c496.dir/feature_tests.c.obj  -o cmTC_2c496 




Detecting C [-std=c99] compiler features compiled with the following output:
Change Dir: /Users/ms/Documents/GitHub/HTW/informatik2/5LED_Start_Projekt/cmake-build-debug/CMakeFiles/CMakeTmp

Run Build Command:"/usr/bin/make" "cmTC_cefb1/fast"
/Applications/Xcode.app/Contents/Developer/usr/bin/make -f CMakeFiles/cmTC_cefb1.dir/build.make CMakeFiles/cmTC_cefb1.dir/build
Building C object CMakeFiles/cmTC_cefb1.dir/feature_tests.c.obj
/Applications/Arduino.app/Contents/Java/hardware/tools/avr/bin/avr-gcc   -g -Os -w -ffunction-sections -fdata-sections -MMD    -std=c99 -o CMakeFiles/cmTC_cefb1.dir/feature_tests.c.obj   -c /Users/ms/Documents/GitHub/HTW/informatik2/5LED_Start_Projekt/cmake-build-debug/CMakeFiles/feature_tests.c
Linking C executable cmTC_cefb1
/Applications/CLion.app/Contents/bin/cmake/mac/bin/cmake -E cmake_link_script CMakeFiles/cmTC_cefb1.dir/link.txt --verbose=1
/Applications/Arduino.app/Contents/Java/hardware/tools/avr/bin/avr-gcc -g -Os -w -ffunction-sections -fdata-sections -MMD   -w -Os -Wl,--gc-sections  CMakeFiles/cmTC_cefb1.dir/feature_tests.c.obj  -o cmTC_cefb1 




Detecting C [-std=c90] compiler features compiled with the following output:
Change Dir: /Users/ms/Documents/GitHub/HTW/informatik2/5LED_Start_Projekt/cmake-build-debug/CMakeFiles/CMakeTmp

Run Build Command:"/usr/bin/make" "cmTC_317f3/fast"
/Applications/Xcode.app/Contents/Developer/usr/bin/make -f CMakeFiles/cmTC_317f3.dir/build.make CMakeFiles/cmTC_317f3.dir/build
Building C object CMakeFiles/cmTC_317f3.dir/feature_tests.c.obj
/Applications/Arduino.app/Contents/Java/hardware/tools/avr/bin/avr-gcc   -g -Os -w -ffunction-sections -fdata-sections -MMD    -std=c90 -o CMakeFiles/cmTC_317f3.dir/feature_tests.c.obj   -c /Users/ms/Documents/GitHub/HTW/informatik2/5LED_Start_Projekt/cmake-build-debug/CMakeFiles/feature_tests.c
Linking C executable cmTC_317f3
/Applications/CLion.app/Contents/bin/cmake/mac/bin/cmake -E cmake_link_script CMakeFiles/cmTC_317f3.dir/link.txt --verbose=1
/Applications/Arduino.app/Contents/Java/hardware/tools/avr/bin/avr-gcc -g -Os -w -ffunction-sections -fdata-sections -MMD   -w -Os -Wl,--gc-sections  CMakeFiles/cmTC_317f3.dir/feature_tests.c.obj  -o cmTC_317f3 


Determining if the CXX compiler works passed with the following output:
Change Dir: /Users/ms/Documents/GitHub/HTW/informatik2/5LED_Start_Projekt/cmake-build-debug/CMakeFiles/CMakeTmp

Run Build Command:"/usr/bin/make" "cmTC_ba51c/fast"
/Applications/Xcode.app/Contents/Developer/usr/bin/make -f CMakeFiles/cmTC_ba51c.dir/build.make CMakeFiles/cmTC_ba51c.dir/build
Building CXX object CMakeFiles/cmTC_ba51c.dir/testCXXCompiler.cxx.obj
/Applications/Arduino.app/Contents/Java/hardware/tools/avr/bin/avr-g++    -g -Os -w -fno-exceptions -ffunction-sections -fdata-sections -fno-threadsafe-statics -MMD    -o CMakeFiles/cmTC_ba51c.dir/testCXXCompiler.cxx.obj -c /Users/ms/Documents/GitHub/HTW/informatik2/5LED_Start_Projekt/cmake-build-debug/CMakeFiles/CMakeTmp/testCXXCompiler.cxx
Linking CXX executable cmTC_ba51c
/Applications/CLion.app/Contents/bin/cmake/mac/bin/cmake -E cmake_link_script CMakeFiles/cmTC_ba51c.dir/link.txt --verbose=1
/Applications/Arduino.app/Contents/Java/hardware/tools/avr/bin/avr-g++  -g -Os -w -fno-exceptions -ffunction-sections -fdata-sections -fno-threadsafe-statics -MMD   -w -Os -Wl,--gc-sections  CMakeFiles/cmTC_ba51c.dir/testCXXCompiler.cxx.obj  -o cmTC_ba51c 


Detecting CXX compiler ABI info compiled with the following output:
Change Dir: /Users/ms/Documents/GitHub/HTW/informatik2/5LED_Start_Projekt/cmake-build-debug/CMakeFiles/CMakeTmp

Run Build Command:"/usr/bin/make" "cmTC_3ac42/fast"
/Applications/Xcode.app/Contents/Developer/usr/bin/make -f CMakeFiles/cmTC_3ac42.dir/build.make CMakeFiles/cmTC_3ac42.dir/build
Building CXX object CMakeFiles/cmTC_3ac42.dir/CMakeCXXCompilerABI.cpp.obj
/Applications/Arduino.app/Contents/Java/hardware/tools/avr/bin/avr-g++    -g -Os -w -fno-exceptions -ffunction-sections -fdata-sections -fno-threadsafe-statics -MMD    -o CMakeFiles/cmTC_3ac42.dir/CMakeCXXCompilerABI.cpp.obj -c /Applications/CLion.app/Contents/bin/cmake/mac/share/cmake-3.12/Modules/CMakeCXXCompilerABI.cpp
Linking CXX executable cmTC_3ac42
/Applications/CLion.app/Contents/bin/cmake/mac/bin/cmake -E cmake_link_script CMakeFiles/cmTC_3ac42.dir/link.txt --verbose=1
/Applications/Arduino.app/Contents/Java/hardware/tools/avr/bin/avr-g++  -g -Os -w -fno-exceptions -ffunction-sections -fdata-sections -fno-threadsafe-statics -MMD   -w -Os -Wl,--gc-sections -v CMakeFiles/cmTC_3ac42.dir/CMakeCXXCompilerABI.cpp.obj  -o cmTC_3ac42 
Using built-in specs.
Reading specs from /Applications/Arduino.app/Contents/Java/hardware/tools/avr/bin/../lib/gcc/avr/5.4.0/device-specs/specs-avr2
COLLECT_GCC=/Applications/Arduino.app/Contents/Java/hardware/tools/avr/bin/avr-g++
COLLECT_LTO_WRAPPER=/Applications/Arduino.app/Contents/Java/hardware/tools/avr/bin/../libexec/gcc/avr/5.4.0/lto-wrapper
Target: avr
Configured with: ../gcc/configure --enable-fixed-point --enable-languages=c,c++ --prefix=/Users/jenkins/jenkins/workspace/avr-gcc-staging/label/mac-mini/objdir --disable-nls --disable-libssp --disable-libada --disable-shared --with-avrlibc=yes --with-dwarf2 --disable-doc --target=avr
Thread model: single
gcc version 5.4.0 (GCC) 
COMPILER_PATH=/Applications/Arduino.app/Contents/Java/hardware/tools/avr/bin/../libexec/gcc/avr/5.4.0/:/Applications/Arduino.app/Contents/Java/hardware/tools/avr/bin/../libexec/gcc/:/Applications/Arduino.app/Contents/Java/hardware/tools/avr/bin/../lib/gcc/avr/5.4.0/../../../../avr/bin/
LIBRARY_PATH=/Applications/Arduino.app/Contents/Java/hardware/tools/avr/bin/../lib/gcc/avr/5.4.0/:/Applications/Arduino.app/Contents/Java/hardware/tools/avr/bin/../lib/gcc/:/Applications/Arduino.app/Contents/Java/hardware/tools/avr/bin/../lib/gcc/avr/5.4.0/../../../../avr/lib/
COLLECT_GCC_OPTIONS='-g' '-Os' '-w' '-fno-exceptions' '-ffunction-sections' '-fdata-sections' '-fno-threadsafe-statics' '-MMD' '-w' '-Os' '-v' '-o' 'cmTC_3ac42' '-specs=device-specs/specs-avr2'
 /Applications/Arduino.app/Contents/Java/hardware/tools/avr/bin/../libexec/gcc/avr/5.4.0/collect2 -plugin /Applications/Arduino.app/Contents/Java/hardware/tools/avr/bin/../libexec/gcc/avr/5.4.0/liblto_plugin.so -plugin-opt=/Applications/Arduino.app/Contents/Java/hardware/tools/avr/bin/../libexec/gcc/avr/5.4.0/lto-wrapper -plugin-opt=-fresolution=/var/folders/73/763qf_p57lj_3gyytwms4nxm0000gn/T//ccFnXHzG.res -plugin-opt=-pass-through=-lgcc -plugin-opt=-pass-through=-lm -plugin-opt=-pass-through=-lc --pmem-wrap-around=8k -o cmTC_3ac42 -L/Applications/Arduino.app/Contents/Java/hardware/tools/avr/bin/../lib/gcc/avr/5.4.0 -L/Applications/Arduino.app/Contents/Java/hardware/tools/avr/bin/../lib/gcc -L/Applications/Arduino.app/Contents/Java/hardware/tools/avr/bin/../lib/gcc/avr/5.4.0/../../../../avr/lib --gc-sections CMakeFiles/cmTC_3ac42.dir/CMakeCXXCompilerABI.cpp.obj -lgcc -lm --start-group -lgcc -lm -lc --end-group


Parsed CXX implicit link information from above output:
  link line regex: [^( *|.*[/\])(avr-ld|CMAKE_LINK_STARTFILE-NOTFOUND|([^/\]+-)?ld|collect2)[^/\]*( |$)]
  ignore line: [Change Dir: /Users/ms/Documents/GitHub/HTW/informatik2/5LED_Start_Projekt/cmake-build-debug/CMakeFiles/CMakeTmp]
  ignore line: []
  ignore line: [Run Build Command:"/usr/bin/make" "cmTC_3ac42/fast"]
  ignore line: [/Applications/Xcode.app/Contents/Developer/usr/bin/make -f CMakeFiles/cmTC_3ac42.dir/build.make CMakeFiles/cmTC_3ac42.dir/build]
  ignore line: [Building CXX object CMakeFiles/cmTC_3ac42.dir/CMakeCXXCompilerABI.cpp.obj]
  ignore line: [/Applications/Arduino.app/Contents/Java/hardware/tools/avr/bin/avr-g++    -g -Os -w -fno-exceptions -ffunction-sections -fdata-sections -fno-threadsafe-statics -MMD    -o CMakeFiles/cmTC_3ac42.dir/CMakeCXXCompilerABI.cpp.obj -c /Applications/CLion.app/Contents/bin/cmake/mac/share/cmake-3.12/Modules/CMakeCXXCompilerABI.cpp]
  ignore line: [Linking CXX executable cmTC_3ac42]
  ignore line: [/Applications/CLion.app/Contents/bin/cmake/mac/bin/cmake -E cmake_link_script CMakeFiles/cmTC_3ac42.dir/link.txt --verbose=1]
  ignore line: [/Applications/Arduino.app/Contents/Java/hardware/tools/avr/bin/avr-g++  -g -Os -w -fno-exceptions -ffunction-sections -fdata-sections -fno-threadsafe-statics -MMD   -w -Os -Wl,--gc-sections -v CMakeFiles/cmTC_3ac42.dir/CMakeCXXCompilerABI.cpp.obj  -o cmTC_3ac42 ]
  ignore line: [Using built-in specs.]
  ignore line: [Reading specs from /Applications/Arduino.app/Contents/Java/hardware/tools/avr/bin/../lib/gcc/avr/5.4.0/device-specs/specs-avr2]
  ignore line: [COLLECT_GCC=/Applications/Arduino.app/Contents/Java/hardware/tools/avr/bin/avr-g++]
  ignore line: [COLLECT_LTO_WRAPPER=/Applications/Arduino.app/Contents/Java/hardware/tools/avr/bin/../libexec/gcc/avr/5.4.0/lto-wrapper]
  ignore line: [Target: avr]
  ignore line: [Configured with: ../gcc/configure --enable-fixed-point --enable-languages=c,c++ --prefix=/Users/jenkins/jenkins/workspace/avr-gcc-staging/label/mac-mini/objdir --disable-nls --disable-libssp --disable-libada --disable-shared --with-avrlibc=yes --with-dwarf2 --disable-doc --target=avr]
  ignore line: [Thread model: single]
  ignore line: [gcc version 5.4.0 (GCC) ]
  ignore line: [COMPILER_PATH=/Applications/Arduino.app/Contents/Java/hardware/tools/avr/bin/../libexec/gcc/avr/5.4.0/:/Applications/Arduino.app/Contents/Java/hardware/tools/avr/bin/../libexec/gcc/:/Applications/Arduino.app/Contents/Java/hardware/tools/avr/bin/../lib/gcc/avr/5.4.0/../../../../avr/bin/]
  ignore line: [LIBRARY_PATH=/Applications/Arduino.app/Contents/Java/hardware/tools/avr/bin/../lib/gcc/avr/5.4.0/:/Applications/Arduino.app/Contents/Java/hardware/tools/avr/bin/../lib/gcc/:/Applications/Arduino.app/Contents/Java/hardware/tools/avr/bin/../lib/gcc/avr/5.4.0/../../../../avr/lib/]
  ignore line: [COLLECT_GCC_OPTIONS='-g' '-Os' '-w' '-fno-exceptions' '-ffunction-sections' '-fdata-sections' '-fno-threadsafe-statics' '-MMD' '-w' '-Os' '-v' '-o' 'cmTC_3ac42' '-specs=device-specs/specs-avr2']
  link line: [ /Applications/Arduino.app/Contents/Java/hardware/tools/avr/bin/../libexec/gcc/avr/5.4.0/collect2 -plugin /Applications/Arduino.app/Contents/Java/hardware/tools/avr/bin/../libexec/gcc/avr/5.4.0/liblto_plugin.so -plugin-opt=/Applications/Arduino.app/Contents/Java/hardware/tools/avr/bin/../libexec/gcc/avr/5.4.0/lto-wrapper -plugin-opt=-fresolution=/var/folders/73/763qf_p57lj_3gyytwms4nxm0000gn/T//ccFnXHzG.res -plugin-opt=-pass-through=-lgcc -plugin-opt=-pass-through=-lm -plugin-opt=-pass-through=-lc --pmem-wrap-around=8k -o cmTC_3ac42 -L/Applications/Arduino.app/Contents/Java/hardware/tools/avr/bin/../lib/gcc/avr/5.4.0 -L/Applications/Arduino.app/Contents/Java/hardware/tools/avr/bin/../lib/gcc -L/Applications/Arduino.app/Contents/Java/hardware/tools/avr/bin/../lib/gcc/avr/5.4.0/../../../../avr/lib --gc-sections CMakeFiles/cmTC_3ac42.dir/CMakeCXXCompilerABI.cpp.obj -lgcc -lm --start-group -lgcc -lm -lc --end-group]
    arg [/Applications/Arduino.app/Contents/Java/hardware/tools/avr/bin/../libexec/gcc/avr/5.4.0/collect2] ==> ignore
    arg [-plugin] ==> ignore
    arg [/Applications/Arduino.app/Contents/Java/hardware/tools/avr/bin/../libexec/gcc/avr/5.4.0/liblto_plugin.so] ==> ignore
    arg [-plugin-opt=/Applications/Arduino.app/Contents/Java/hardware/tools/avr/bin/../libexec/gcc/avr/5.4.0/lto-wrapper] ==> ignore
    arg [-plugin-opt=-fresolution=/var/folders/73/763qf_p57lj_3gyytwms4nxm0000gn/T//ccFnXHzG.res] ==> ignore
    arg [-plugin-opt=-pass-through=-lgcc] ==> ignore
    arg [-plugin-opt=-pass-through=-lm] ==> ignore
    arg [-plugin-opt=-pass-through=-lc] ==> ignore
    arg [--pmem-wrap-around=8k] ==> ignore
    arg [-o] ==> ignore
    arg [cmTC_3ac42] ==> ignore
    arg [-L/Applications/Arduino.app/Contents/Java/hardware/tools/avr/bin/../lib/gcc/avr/5.4.0] ==> dir [/Applications/Arduino.app/Contents/Java/hardware/tools/avr/bin/../lib/gcc/avr/5.4.0]
    arg [-L/Applications/Arduino.app/Contents/Java/hardware/tools/avr/bin/../lib/gcc] ==> dir [/Applications/Arduino.app/Contents/Java/hardware/tools/avr/bin/../lib/gcc]
    arg [-L/Applications/Arduino.app/Contents/Java/hardware/tools/avr/bin/../lib/gcc/avr/5.4.0/../../../../avr/lib] ==> dir [/Applications/Arduino.app/Contents/Java/hardware/tools/avr/bin/../lib/gcc/avr/5.4.0/../../../../avr/lib]
    arg [--gc-sections] ==> ignore
    arg [CMakeFiles/cmTC_3ac42.dir/CMakeCXXCompilerABI.cpp.obj] ==> ignore
    arg [-lgcc] ==> lib [gcc]
    arg [-lm] ==> lib [m]
    arg [--start-group] ==> ignore
    arg [-lgcc] ==> lib [gcc]
    arg [-lm] ==> lib [m]
    arg [-lc] ==> lib [c]
    arg [--end-group] ==> ignore
  collapse library dir [/Applications/Arduino.app/Contents/Java/hardware/tools/avr/bin/../lib/gcc/avr/5.4.0] ==> [/Applications/Arduino.app/Contents/Java/hardware/tools/avr/lib/gcc/avr/5.4.0]
  collapse library dir [/Applications/Arduino.app/Contents/Java/hardware/tools/avr/bin/../lib/gcc] ==> [/Applications/Arduino.app/Contents/Java/hardware/tools/avr/lib/gcc]
  collapse library dir [/Applications/Arduino.app/Contents/Java/hardware/tools/avr/bin/../lib/gcc/avr/5.4.0/../../../../avr/lib] ==> [/Applications/Arduino.app/Contents/Java/hardware/tools/avr/avr/lib]
  implicit libs: [gcc;m;gcc;m;c]
  implicit dirs: [/Applications/Arduino.app/Contents/Java/hardware/tools/avr/lib/gcc/avr/5.4.0;/Applications/Arduino.app/Contents/Java/hardware/tools/avr/lib/gcc;/Applications/Arduino.app/Contents/Java/hardware/tools/avr/avr/lib]
  implicit fwks: []




Detecting CXX [-std=c++1z] compiler features compiled with the following output:
Change Dir: /Users/ms/Documents/GitHub/HTW/informatik2/5LED_Start_Projekt/cmake-build-debug/CMakeFiles/CMakeTmp

Run Build Command:"/usr/bin/make" "cmTC_30122/fast"
/Applications/Xcode.app/Contents/Developer/usr/bin/make -f CMakeFiles/cmTC_30122.dir/build.make CMakeFiles/cmTC_30122.dir/build
Building CXX object CMakeFiles/cmTC_30122.dir/feature_tests.cxx.obj
/Applications/Arduino.app/Contents/Java/hardware/tools/avr/bin/avr-g++    -g -Os -w -fno-exceptions -ffunction-sections -fdata-sections -fno-threadsafe-statics -MMD    -std=c++1z -o CMakeFiles/cmTC_30122.dir/feature_tests.cxx.obj -c /Users/ms/Documents/GitHub/HTW/informatik2/5LED_Start_Projekt/cmake-build-debug/CMakeFiles/feature_tests.cxx
Linking CXX executable cmTC_30122
/Applications/CLion.app/Contents/bin/cmake/mac/bin/cmake -E cmake_link_script CMakeFiles/cmTC_30122.dir/link.txt --verbose=1
/Applications/Arduino.app/Contents/Java/hardware/tools/avr/bin/avr-g++  -g -Os -w -fno-exceptions -ffunction-sections -fdata-sections -fno-threadsafe-statics -MMD   -w -Os -Wl,--gc-sections  CMakeFiles/cmTC_30122.dir/feature_tests.cxx.obj  -o cmTC_30122 




Detecting CXX [-std=c++14] compiler features compiled with the following output:
Change Dir: /Users/ms/Documents/GitHub/HTW/informatik2/5LED_Start_Projekt/cmake-build-debug/CMakeFiles/CMakeTmp

Run Build Command:"/usr/bin/make" "cmTC_71f79/fast"
/Applications/Xcode.app/Contents/Developer/usr/bin/make -f CMakeFiles/cmTC_71f79.dir/build.make CMakeFiles/cmTC_71f79.dir/build
Building CXX object CMakeFiles/cmTC_71f79.dir/feature_tests.cxx.obj
/Applications/Arduino.app/Contents/Java/hardware/tools/avr/bin/avr-g++    -g -Os -w -fno-exceptions -ffunction-sections -fdata-sections -fno-threadsafe-statics -MMD    -std=c++14 -o CMakeFiles/cmTC_71f79.dir/feature_tests.cxx.obj -c /Users/ms/Documents/GitHub/HTW/informatik2/5LED_Start_Projekt/cmake-build-debug/CMakeFiles/feature_tests.cxx
Linking CXX executable cmTC_71f79
/Applications/CLion.app/Contents/bin/cmake/mac/bin/cmake -E cmake_link_script CMakeFiles/cmTC_71f79.dir/link.txt --verbose=1
/Applications/Arduino.app/Contents/Java/hardware/tools/avr/bin/avr-g++  -g -Os -w -fno-exceptions -ffunction-sections -fdata-sections -fno-threadsafe-statics -MMD   -w -Os -Wl,--gc-sections  CMakeFiles/cmTC_71f79.dir/feature_tests.cxx.obj  -o cmTC_71f79 




Detecting CXX [-std=c++11] compiler features compiled with the following output:
Change Dir: /Users/ms/Documents/GitHub/HTW/informatik2/5LED_Start_Projekt/cmake-build-debug/CMakeFiles/CMakeTmp

Run Build Command:"/usr/bin/make" "cmTC_2534a/fast"
/Applications/Xcode.app/Contents/Developer/usr/bin/make -f CMakeFiles/cmTC_2534a.dir/build.make CMakeFiles/cmTC_2534a.dir/build
Building CXX object CMakeFiles/cmTC_2534a.dir/feature_tests.cxx.obj
/Applications/Arduino.app/Contents/Java/hardware/tools/avr/bin/avr-g++    -g -Os -w -fno-exceptions -ffunction-sections -fdata-sections -fno-threadsafe-statics -MMD    -std=c++11 -o CMakeFiles/cmTC_2534a.dir/feature_tests.cxx.obj -c /Users/ms/Documents/GitHub/HTW/informatik2/5LED_Start_Projekt/cmake-build-debug/CMakeFiles/feature_tests.cxx
Linking CXX executable cmTC_2534a
/Applications/CLion.app/Contents/bin/cmake/mac/bin/cmake -E cmake_link_script CMakeFiles/cmTC_2534a.dir/link.txt --verbose=1
/Applications/Arduino.app/Contents/Java/hardware/tools/avr/bin/avr-g++  -g -Os -w -fno-exceptions -ffunction-sections -fdata-sections -fno-threadsafe-statics -MMD   -w -Os -Wl,--gc-sections  CMakeFiles/cmTC_2534a.dir/feature_tests.cxx.obj  -o cmTC_2534a 




Detecting CXX [-std=c++98] compiler features compiled with the following output:
Change Dir: /Users/ms/Documents/GitHub/HTW/informatik2/5LED_Start_Projekt/cmake-build-debug/CMakeFiles/CMakeTmp

Run Build Command:"/usr/bin/make" "cmTC_50598/fast"
/Applications/Xcode.app/Contents/Developer/usr/bin/make -f CMakeFiles/cmTC_50598.dir/build.make CMakeFiles/cmTC_50598.dir/build
Building CXX object CMakeFiles/cmTC_50598.dir/feature_tests.cxx.obj
/Applications/Arduino.app/Contents/Java/hardware/tools/avr/bin/avr-g++    -g -Os -w -fno-exceptions -ffunction-sections -fdata-sections -fno-threadsafe-statics -MMD    -std=c++98 -o CMakeFiles/cmTC_50598.dir/feature_tests.cxx.obj -c /Users/ms/Documents/GitHub/HTW/informatik2/5LED_Start_Projekt/cmake-build-debug/CMakeFiles/feature_tests.cxx
Linking CXX executable cmTC_50598
/Applications/CLion.app/Contents/bin/cmake/mac/bin/cmake -E cmake_link_script CMakeFiles/cmTC_50598.dir/link.txt --verbose=1
/Applications/Arduino.app/Contents/Java/hardware/tools/avr/bin/avr-g++  -g -Os -w -fno-exceptions -ffunction-sections -fdata-sections -fno-threadsafe-statics -MMD   -w -Os -Wl,--gc-sections  CMakeFiles/cmTC_50598.dir/feature_tests.cxx.obj  -o cmTC_50598 


